2025-05-08 13:55:01,323 CRIT Supervisor is running as root.  Privileges were not dropped because no user is specified in the config file.  If you intend to run as root, you can set user=root in the config file to avoid this message.
2025-05-08 13:55:01,328 INFO supervisord started with pid 1
2025-05-08 13:55:02,332 INFO spawned: 'nginx' with pid 6
2025-05-08 13:55:02,333 INFO spawned: 'php-fpm' with pid 7
2025-05-08 13:55:03,430 INFO success: nginx entered RUNNING state, process has stayed up for > than 1 seconds (startsecs)
2025-05-08 13:55:03,431 INFO success: php-fpm entered RUNNING state, process has stayed up for > than 1 seconds (startsecs)
2025-05-08 14:04:43,742 WARN received SIGQUIT indicating exit request
2025-05-08 14:04:43,761 INFO waiting for nginx, php-fpm to die
2025-05-08 14:04:43,894 INFO stopped: php-fpm (exit status 0)
2025-05-08 14:04:44,912 INFO stopped: nginx (exit status 0)
2025-05-08 14:07:43,600 CRIT Supervisor is running as root.  Privileges were not dropped because no user is specified in the config file.  If you intend to run as root, you can set user=root in the config file to avoid this message.
2025-05-08 14:07:43,602 INFO supervisord started with pid 1
2025-05-08 14:07:44,612 INFO spawned: 'nginx' with pid 7
2025-05-08 14:07:44,631 INFO spawned: 'php-fpm' with pid 8
2025-05-08 14:07:45,874 INFO success: nginx entered RUNNING state, process has stayed up for > than 1 seconds (startsecs)
2025-05-08 14:07:45,874 INFO success: php-fpm entered RUNNING state, process has stayed up for > than 1 seconds (startsecs)
2025-05-08 14:08:00,771 WARN received SIGQUIT indicating exit request
2025-05-08 14:08:00,777 INFO waiting for nginx, php-fpm to die
2025-05-08 14:08:01,805 INFO stopped: php-fpm (exit status 0)
2025-05-08 14:08:01,814 INFO stopped: nginx (exit status 0)
2025-05-08 14:08:04,676 CRIT Supervisor is running as root.  Privileges were not dropped because no user is specified in the config file.  If you intend to run as root, you can set user=root in the config file to avoid this message.
2025-05-08 14:08:04,677 INFO supervisord started with pid 1
2025-05-08 14:08:05,684 INFO spawned: 'nginx' with pid 7
2025-05-08 14:08:05,695 INFO spawned: 'php-fpm' with pid 8
2025-05-08 14:08:06,738 INFO success: nginx entered RUNNING state, process has stayed up for > than 1 seconds (startsecs)
2025-05-08 14:08:06,738 INFO success: php-fpm entered RUNNING state, process has stayed up for > than 1 seconds (startsecs)
